This is pdfTeX, Version 3.14159265-2.6-1.40.17 (TeX Live 2016/MacPorts 2016_0) (preloaded format=pdflatex 2016.7.22)  4 AUG 2016 17:35
entering extended mode
 restricted \write18 enabled.
 %&-line parsing enabled.
**\input dissertation.tex
(./dissertation.tex (./ua-thesis.cls
Document Class: ua-thesis 2001/05/09 UA Thesis Class
(/opt/local/share/texmf-texlive/tex/latex/base/report.cls
Document Class: report 2014/09/29 v1.4h Standard LaTeX document class
(/opt/local/share/texmf-texlive/tex/latex/base/size12.clo
File: size12.clo 2014/09/29 v1.4h Standard LaTeX file (size option)
)
\c@part=\count79
\c@chapter=\count80
\c@section=\count81
\c@subsection=\count82
\c@subsubsection=\count83
\c@paragraph=\count84
\c@subparagraph=\count85
\c@figure=\count86
\c@table=\count87
\abovecaptionskip=\skip41
\belowcaptionskip=\skip42
\bibindent=\dimen102
)
(/opt/local/share/texmf-texlive/tex/latex/amsmath/amsmath.sty
Package: amsmath 2016/03/10 v2.15b AMS math features
\@mathmargin=\skip43

For additional information on amsmath, use the `?' option.
(/opt/local/share/texmf-texlive/tex/latex/amsmath/amstext.sty
Package: amstext 2000/06/29 v2.01 AMS text

(/opt/local/share/texmf-texlive/tex/latex/amsmath/amsgen.sty
File: amsgen.sty 1999/11/30 v2.0 generic functions
\@emptytoks=\toks14
\ex@=\dimen103
))
(/opt/local/share/texmf-texlive/tex/latex/amsmath/amsbsy.sty
Package: amsbsy 1999/11/29 v1.2d Bold Symbols
\pmbraise@=\dimen104
)
(/opt/local/share/texmf-texlive/tex/latex/amsmath/amsopn.sty
Package: amsopn 2016/03/08 v2.02 operator names
)
\inf@bad=\count88
LaTeX Info: Redefining \frac on input line 199.
\uproot@=\count89
\leftroot@=\count90
LaTeX Info: Redefining \overline on input line 297.
\classnum@=\count91
\DOTSCASE@=\count92
LaTeX Info: Redefining \ldots on input line 394.
LaTeX Info: Redefining \dots on input line 397.
LaTeX Info: Redefining \cdots on input line 518.
\Mathstrutbox@=\box26
\strutbox@=\box27
\big@size=\dimen105
LaTeX Font Info:    Redeclaring font encoding OML on input line 634.
LaTeX Font Info:    Redeclaring font encoding OMS on input line 635.
\macc@depth=\count93
\c@MaxMatrixCols=\count94
\dotsspace@=\muskip10
\c@parentequation=\count95
\dspbrk@lvl=\count96
\tag@help=\toks15
\row@=\count97
\column@=\count98
\maxfields@=\count99
\andhelp@=\toks16
\eqnshift@=\dimen106
\alignsep@=\dimen107
\tagshift@=\dimen108
\tagwidth@=\dimen109
\totwidth@=\dimen110
\lineht@=\dimen111
\@envbody=\toks17
\multlinegap=\skip44
\multlinetaggap=\skip45
\mathdisplay@stack=\toks18
LaTeX Info: Redefining \[ on input line 2739.
LaTeX Info: Redefining \] on input line 2740.
)
(/opt/local/share/texmf-texlive/tex/latex/amsfonts/amsfonts.sty
Package: amsfonts 2013/01/14 v3.01 Basic AMSFonts support
\symAMSa=\mathgroup4
\symAMSb=\mathgroup5
LaTeX Font Info:    Overwriting math alphabet `\mathfrak' in version `bold'
(Font)                  U/euf/m/n --> U/euf/b/n on input line 106.
)
(/opt/local/share/texmf-texlive/tex/latex/amscls/amsthm.sty
Package: amsthm 2015/03/04 v2.20.2
\thm@style=\toks19
\thm@bodyfont=\toks20
\thm@headfont=\toks21
\thm@notefont=\toks22
\thm@headpunct=\toks23
\thm@preskip=\skip46
\thm@postskip=\skip47
\thm@headsep=\skip48
\dth@everypar=\toks24
) (./ua-title.sty
Package: ua-title 1997/03/08
)
\@topskipsave=\skip49
\@auxlength=\skip50
)
(/opt/local/share/texmf-texlive/tex/latex/graphics/graphicx.sty
Package: graphicx 2014/10/28 v1.0g Enhanced LaTeX Graphics (DPC,SPQR)

(/opt/local/share/texmf-texlive/tex/latex/graphics/keyval.sty
Package: keyval 2014/10/28 v1.15 key=value parser (DPC)
\KV@toks@=\toks25
)
(/opt/local/share/texmf-texlive/tex/latex/graphics/graphics.sty
Package: graphics 2016/05/09 v1.0r Standard LaTeX Graphics (DPC,SPQR)

(/opt/local/share/texmf-texlive/tex/latex/graphics/trig.sty
Package: trig 2016/01/03 v1.10 sin cos tan (DPC)
)
(/opt/local/share/texmf-texlive/tex/latex/graphics-cfg/graphics.cfg
File: graphics.cfg 2016/01/02 v1.10 sample graphics configuration
)
Package graphics Info: Driver file: pdftex.def on input line 96.

(/opt/local/share/texmf-texlive/tex/latex/pdftex-def/pdftex.def
File: pdftex.def 2011/05/27 v0.06d Graphics/color for pdfTeX

(/opt/local/share/texmf-texlive/tex/generic/oberdiek/infwarerr.sty
Package: infwarerr 2016/05/16 v1.4 Providing info/warning/error messages (HO)
)
(/opt/local/share/texmf-texlive/tex/generic/oberdiek/ltxcmds.sty
Package: ltxcmds 2016/05/16 v1.23 LaTeX kernel commands for general use (HO)
)
\Gread@gobject=\count100
))
\Gin@req@height=\dimen112
\Gin@req@width=\dimen113
)
(/opt/local/share/texmf-texlive/tex/latex/amsfonts/amssymb.sty
Package: amssymb 2013/01/14 v3.01 AMS font symbols
)
(/opt/local/share/texmf-texlive/tex/latex/tools/bm.sty
Package: bm 2016/02/27 v1.2a Bold Symbol Support (DPC/FMi)
\symboldoperators=\mathgroup6
\symboldletters=\mathgroup7
\symboldsymbols=\mathgroup8
LaTeX Font Info:    Redeclaring math alphabet \mathbf on input line 142.
LaTeX Info: Redefining \bm on input line 208.
)
(/opt/local/share/texmf-texlive/tex/latex/bbm-macros/bbm.sty
Package: bbm 1999/03/15 V 1.2 provides fonts for set symbols - TH
LaTeX Font Info:    Overwriting math alphabet `\mathbbm' in version `bold'
(Font)                  U/bbm/m/n --> U/bbm/bx/n on input line 33.
LaTeX Font Info:    Overwriting math alphabet `\mathbbmss' in version `bold'
(Font)                  U/bbmss/m/n --> U/bbmss/bx/n on input line 35.
)
(/opt/local/share/texmf-texlive/tex/latex/was/upgreek.sty
Package: upgreek 2003/02/12 v2.0 (WaS)
Package upgreek Info: Using Euler Roman for upright Greek on input line 31.
\symugrf@m=\mathgroup9
LaTeX Font Info:    Overwriting symbol font `ugrf@m' in version `bold'
(Font)                  U/eur/m/n --> U/eur/b/n on input line 38.
)
(/opt/local/share/texmf-texlive/tex/latex/jknapltx/mathrsfs.sty
Package: mathrsfs 1996/01/01 Math RSFS package v1.0 (jk)
\symrsfs=\mathgroup10
)
(/opt/local/share/texmf-texlive/tex/latex/algorithms/algorithm.sty
Package: algorithm 2009/08/24 v0.1 Document Style `algorithm' - floating enviro
nment

(/opt/local/share/texmf-texlive/tex/latex/float/float.sty
Package: float 2001/11/08 v1.3d Float enhancements (AL)
\c@float@type=\count101
\float@exts=\toks26
\float@box=\box28
\@float@everytoks=\toks27
\@floatcapt=\box29
)
(/opt/local/share/texmf-texlive/tex/latex/base/ifthen.sty
Package: ifthen 2014/09/29 v1.1c Standard LaTeX ifthen package (DPC)
)
\@float@every@algorithm=\toks28
\c@algorithm=\count102
)
(/opt/local/share/texmf-texlive/tex/latex/algorithmicx/algorithmicx.sty
Package: algorithmicx 2005/04/27 v1.2 Algorithmicx

Document Style algorithmicx 1.2 - a greatly improved `algorithmic' style
\c@ALG@line=\count103
\c@ALG@rem=\count104
\c@ALG@nested=\count105
\ALG@tlm=\skip51
\ALG@thistlm=\skip52
\c@ALG@Lnr=\count106
\c@ALG@blocknr=\count107
\c@ALG@storecount=\count108
\c@ALG@tmpcounter=\count109
\ALG@tmplength=\skip53
) (/opt/local/share/texmf-texlive/tex/latex/graphics/color.sty
Package: color 2016/05/09 v1.1c Standard LaTeX Color (DPC)

(/opt/local/share/texmf-texlive/tex/latex/graphics-cfg/color.cfg
File: color.cfg 2016/01/02 v1.6 sample color configuration
)
Package color Info: Driver file: pdftex.def on input line 144.
)
(/opt/local/share/texmf-texlive/tex/latex/algorithmicx/algpseudocode.sty
Package: algpseudocode 

Document Style - pseudocode environments for use with the `algorithmicx' style
) (/opt/local/share/texmf-texlive/tex/latex/caption/caption.sty
Package: caption 2016/02/21 v3.3-144 Customizing captions (AR)

(/opt/local/share/texmf-texlive/tex/latex/caption/caption3.sty
Package: caption3 2016/02/04 v1.7-139 caption3 kernel (AR)
Package caption3 Info: TeX engine: e-TeX on input line 67.
\captionmargin=\dimen114
\captionmargin@=\dimen115
\captionwidth=\dimen116
\caption@tempdima=\dimen117
\caption@indent=\dimen118
\caption@parindent=\dimen119
\caption@hangindent=\dimen120
Package caption Info: Unknown document class (or package),
(caption)             standard defaults will be used.
)

Package caption Warning: Unsupported document class (or package) detected,
(caption)                usage of the caption package is not recommended.
See the caption package documentation for explanation.

Package caption Info: \@makecaption = \long macro:#1#2->\vskip \abovecaptionski
p \sbox \@tempboxa {\textsc {#1}. #2}\ifdim \wd \@tempboxa >\hsize \textsc {#1}
. #2\par \else \global \@minipagefalse \hb@xt@ \hsize {\hfil \box \@tempboxa \h
fil }\fi \vskip \belowcaptionskip .
\c@ContinuedFloat=\count110
Package caption Info: float package is loaded.
) (/opt/local/share/texmf-texlive/tex/latex/sidecap/sidecap.sty
Package: sidecap 2003/06/06 v1.6f SideCap Package (RN/HjG)
\SC@BOXWD=\dimen121
\SC@CAPWD=\dimen122
\SC@tempdima=\dimen123
\SC@tempdimb=\dimen124
\c@SC@C=\count111
\SC@BOX=\box30
)
(/opt/local/share/texmf-texlive/tex/latex/caption/subcaption.sty
Package: subcaption 2016/02/20 v1.1-142 Sub-captions (AR)
\c@subfigure=\count112
\c@subtable=\count113
)
(/opt/local/share/texmf-texlive/tex/latex/setspace/setspace.sty
Package: setspace 2011/12/19 v6.7a set line spacing
) (./macros.tex) (/opt/local/share/texmf-texlive/tex/latex/natbib/natbib.sty
Package: natbib 2010/09/13 8.31b (PWD, AO)
\bibhang=\skip54
\bibsep=\skip55
LaTeX Info: Redefining \cite on input line 694.
\c@NAT@ctr=\count114
)
(./dissertation.aux

LaTeX Warning: Label `eq:1' multiply defined.


LaTeX Warning: Label `eq:2' multiply defined.


LaTeX Warning: Label `stick-step-1' multiply defined.


LaTeX Warning: Label `stick-step-2' multiply defined.


LaTeX Warning: Label `eq:1' multiply defined.


LaTeX Warning: Label `eq:4' multiply defined.


LaTeX Warning: Label `eq:5' multiply defined.


LaTeX Warning: Label `eq:6' multiply defined.


LaTeX Warning: Label `eq:24' multiply defined.


LaTeX Warning: Label `eq:8' multiply defined.


LaTeX Warning: Label `eq:9' multiply defined.


LaTeX Warning: Label `eq:11' multiply defined.


LaTeX Warning: Label `eq:18' multiply defined.


LaTeX Warning: Label `eq:46' multiply defined.


LaTeX Warning: Label `eq:19' multiply defined.


LaTeX Warning: Label `sec:sampling-eta' multiply defined.


LaTeX Warning: Label `eq:1' multiply defined.


LaTeX Warning: Label `eq:88' multiply defined.

)
\openout1 = `dissertation.aux'.

LaTeX Font Info:    Checking defaults for OML/cmm/m/it on input line 27.
LaTeX Font Info:    ... okay on input line 27.
LaTeX Font Info:    Checking defaults for T1/cmr/m/n on input line 27.
LaTeX Font Info:    ... okay on input line 27.
LaTeX Font Info:    Checking defaults for OT1/cmr/m/n on input line 27.
LaTeX Font Info:    ... okay on input line 27.
LaTeX Font Info:    Checking defaults for OMS/cmsy/m/n on input line 27.
LaTeX Font Info:    ... okay on input line 27.
LaTeX Font Info:    Checking defaults for OMX/cmex/m/n on input line 27.
LaTeX Font Info:    ... okay on input line 27.
LaTeX Font Info:    Checking defaults for U/cmr/m/n on input line 27.
LaTeX Font Info:    ... okay on input line 27.
 (/opt/local/share/texmf-texlive/tex/context/base/mkii/supp-pdf.mkii
[Loading MPS to PDF converter (version 2006.09.02).]
\scratchcounter=\count115
\scratchdimen=\dimen125
\scratchbox=\box31
\nofMPsegments=\count116
\nofMParguments=\count117
\everyMPshowfont=\toks29
\MPscratchCnt=\count118
\MPscratchDim=\dimen126
\MPnumerator=\count119
\makeMPintoPDFobject=\count120
\everyMPtoPDFconversion=\toks30
) (/opt/local/share/texmf-texlive/tex/generic/oberdiek/pdftexcmds.sty
Package: pdftexcmds 2016/05/10 v0.21 Utility functions of pdfTeX for LuaTeX (HO
)

(/opt/local/share/texmf-texlive/tex/generic/oberdiek/ifluatex.sty
Package: ifluatex 2016/05/16 v1.4 Provides the ifluatex switch (HO)
Package ifluatex Info: LuaTeX not detected.
)
(/opt/local/share/texmf-texlive/tex/generic/oberdiek/ifpdf.sty
Package: ifpdf 2016/05/14 v3.1 Provides the ifpdf switch
)
Package pdftexcmds Info: LuaTeX not detected.
Package pdftexcmds Info: \pdf@primitive is available.
Package pdftexcmds Info: \pdf@ifprimitive is available.
Package pdftexcmds Info: \pdfdraftmode found.
)
(/opt/local/share/texmf-texlive/tex/latex/oberdiek/epstopdf-base.sty
Package: epstopdf-base 2016/05/15 v2.6 Base part for package epstopdf

(/opt/local/share/texmf-texlive/tex/latex/oberdiek/grfext.sty
Package: grfext 2016/05/16 v1.2 Manage graphics extensions (HO)

(/opt/local/share/texmf-texlive/tex/generic/oberdiek/kvdefinekeys.sty
Package: kvdefinekeys 2016/05/16 v1.4 Define keys (HO)
))
(/opt/local/share/texmf-texlive/tex/latex/oberdiek/kvoptions.sty
Package: kvoptions 2016/05/16 v3.12 Key value format for package options (HO)

(/opt/local/share/texmf-texlive/tex/generic/oberdiek/kvsetkeys.sty
Package: kvsetkeys 2016/05/16 v1.17 Key value parser (HO)

(/opt/local/share/texmf-texlive/tex/generic/oberdiek/etexcmds.sty
Package: etexcmds 2016/05/16 v1.6 Avoid name clashes with e-TeX commands (HO)
Package etexcmds Info: Could not find \expanded.
(etexcmds)             That can mean that you are not using pdfTeX 1.50 or
(etexcmds)             that some package has redefined \expanded.
(etexcmds)             In the latter case, load this package earlier.
)))
Package grfext Info: Graphics extension search list:
(grfext)             [.png,.pdf,.jpg,.mps,.jpeg,.jbig2,.jb2,.PNG,.PDF,.JPG,.JPE
G,.JBIG2,.JB2,.eps]
(grfext)             \AppendGraphicsExtensions on input line 456.

(/opt/local/share/texmf-texlive/tex/latex/latexconfig/epstopdf-sys.cfg
File: epstopdf-sys.cfg 2010/07/13 v1.3 Configuration of (r)epstopdf for TeX Liv
e
))
Package caption Info: Begin \AtBeginDocument code.
Package caption Info: sidecap package is loaded.
Package caption Info: End \AtBeginDocument code.

(/opt/local/share/texmf-texlive/tex/latex/ms/ragged2e.sty
Package: ragged2e 2009/05/21 v2.1 ragged2e Package (MS)

(/opt/local/share/texmf-texlive/tex/latex/ms/everysel.sty
Package: everysel 2011/10/28 v1.2 EverySelectfont Package (MS)

ABD: EverySelectfont initializing macros
LaTeX Info: Redefining \selectfont on input line 126.
)
\CenteringLeftskip=\skip56
\RaggedLeftLeftskip=\skip57
\RaggedRightLeftskip=\skip58
\CenteringRightskip=\skip59
\RaggedLeftRightskip=\skip60
\RaggedRightRightskip=\skip61
\CenteringParfillskip=\skip62
\RaggedLeftParfillskip=\skip63
\RaggedRightParfillskip=\skip64
\JustifyingParfillskip=\skip65
\CenteringParindent=\skip66
\RaggedLeftParindent=\skip67
\RaggedRightParindent=\skip68
\JustifyingParindent=\skip69
) [1


{/opt/local/var/db/texmf/fonts/map/pdftex/updmap/pdftex.map}] (./signatures.tex
) [2]
LaTeX Font Info:    Try loading font information for U+msa on input line 30.

(/opt/local/share/texmf-texlive/tex/latex/amsfonts/umsa.fd
File: umsa.fd 2013/01/14 v3.01 AMS symbols A
)
LaTeX Font Info:    Try loading font information for U+msb on input line 30.

(/opt/local/share/texmf-texlive/tex/latex/amsfonts/umsb.fd
File: umsb.fd 2013/01/14 v3.01 AMS symbols B
)
LaTeX Font Info:    Try loading font information for U+rsfs on input line 30.

(/opt/local/share/texmf-texlive/tex/latex/jknapltx/ursfs.fd
File: ursfs.fd 1998/03/24 rsfs font definition file (jk)
) [3]
Acknowledgements
(./acknowledgement.tex
LaTeX Font Info:    Try loading font information for OMS+cmr on input line 10.
 (/opt/local/share/texmf-texlive/tex/latex/base/omscmr.fd
File: omscmr.fd 2014/09/29 v2.5h Standard LaTeX font definitions
)
LaTeX Font Info:    Font shape `OMS/cmr/m/n' in size <12> not available
(Font)              Font shape `OMS/cmsy/m/n' tried instead on input line 10.
) [4

]
Dedication
(./dedication.tex) [5

]
Table of Contents
(./dissertation.toc
Overfull \hbox (1.56442pt too wide) in paragraph at lines 15--15
[][] [] \OT1/cmr/m/sc/12 BAYESIAN NON-PARA-MET-RIC MOD-ELS AND THE IN-FI-NITE 
 []


Overfull \hbox (23.1059pt too wide) in paragraph at lines 28--28
 [][] []\OT1/cmr/m/n/12 A Stick-Breaking Rep-re-sen-ta-tion of the Ag-gre-gate 
Weights 
 []

[6

]
Overfull \hbox (20.8322pt too wide) in paragraph at lines 74--74
[][] []\OT1/cmr/m/sc/12 SEPARATE SIM-I-LAR-I-TIES AND EMIS-SIONS: LEARN-ING TON
AL 
 []

[7])
\tf@toc=\write3
\openout3 = `dissertation.toc'.

 [8]
List of Tables
(./dissertation.lot)
\tf@lot=\write4
\openout4 = `dissertation.lot'.

 [9

]
List of Figures
(./dissertation.lof)
\tf@lof=\write5
\openout5 = `dissertation.lof'.

 [10

]
Abstract
(./abstract.tex [11

]) [12]
\c@s@avepageno=\count121
 (./abstract.tex [1


]) [2]
Chapter 1
(./intro.tex [13


] [14] [15] [16] [17] [18] [19]
<fig/test_linear.pdf, id=80, 361.35pt x 361.35pt>
File: fig/test_linear.pdf Graphic file (type pdf)
 <use fig/test_linear.pdf>
Package pdftex.def Info: fig/test_linear.pdf used on input line 294.
(pdftex.def)             Requested size: 143.09538pt x 143.09283pt.

<fig/test_quadratic.pdf, id=81, 361.35pt x 361.35pt>
File: fig/test_quadratic.pdf Graphic file (type pdf)

<use fig/test_quadratic.pdf>
Package pdftex.def Info: fig/test_quadratic.pdf used on input line 300.
(pdftex.def)             Requested size: 143.09538pt x 143.09283pt.

<fig/test_overfit.pdf, id=82, 361.35pt x 361.35pt>
File: fig/test_overfit.pdf Graphic file (type pdf)
 <use fig/test_overfit.pdf>
Package pdftex.def Info: fig/test_overfit.pdf used on input line 306.
(pdftex.def)             Requested size: 143.09538pt x 143.09283pt.

<fig/poly_errors.pdf, id=83, 361.35pt x 361.35pt>
File: fig/poly_errors.pdf Graphic file (type pdf)
 <use fig/poly_errors.pdf>
Package pdftex.def Info: fig/poly_errors.pdf used on input line 311.
(pdftex.def)             Requested size: 216.81pt x 216.81168pt.

Overfull \hbox (6.11047pt too wide) in paragraph at lines 292--322
 [][]  []  [] 
 []

[20 <./fig/test_linear.pdf> <./fig/test_quadratic.pdf> <./fig/test_overfit.pdf>
 <./fig/poly_errors.pdf>] [21] [22] [23] [24] [25] [26]) [27]
Chapter 2
(./background.tex [28

] [29]
Overfull \hbox (6.19814pt too wide) in paragraph at lines 118--122
\OT1/cmr/m/n/12 Ferguson (1973) also showed that the Dirich-let Pro-cess arises
 by nor-mal-iz-ing a \OT1/cmr/bx/n/12 Gamma
 []

[30] [31] [32] [33] [34] [35] [36] [37] [38] [39] [40] [41] [42] [43] [44]
[45] [46] [47] [48] [49]) [50]
Chapter 3
(./hammlet.tex [51

] [52] [53] [54] [55] [56] [57] [58]
Overfull \hbox (24.18925pt too wide) in paragraph at lines 310--316
\OT1/cmr/m/n/12 It is easy to show (and well known) that the marginal dis-tri-b
u-tion of $\OML/cmm/m/it/12 n[]$ \OT1/cmr/m/n/12 is $[](\OML/cmm/m/it/12 ^^Y[]^
^^[]\OT1/cmr/m/n/12 )$,
 []

[59]
Overfull \hbox (5.57597pt too wide) in paragraph at lines 398--398
[] 
 []

[60]
Overfull \hbox (1.37006pt too wide) in paragraph at lines 414--424
[]\OT1/cmr/m/n/12 The HDP Hid-den Semi-Markov Model (HDP-HSMM; John-son and Wil
l-sky (2013))
 []

[61] [62] [63] [64] [65] [66]
Overfull \hbox (11.47104pt too wide) in paragraph at lines 724--724
[] 
 []

[67] [68] [69] [70] [71]) [72]
Chapter 4
(./cocktail-party.tex [73

] [74] [75] [76] [77]
Overfull \hbox (10.05522pt too wide) in paragraph at lines 248--248
[] 
 []

[78] [79] [80]
<fig/cocktail_s16_m12/w0/h10.0_nocs_cp1/accuracy.pdf, id=303, 361.35pt x 361.35
pt>
File: fig/cocktail_s16_m12/w0/h10.0_nocs_cp1/accuracy.pdf Graphic file (type pd
f)
 <use fig/cocktail_s16_m12/w0/h10.0_nocs_cp1/accuracy.pdf>
Package pdftex.def Info: fig/cocktail_s16_m12/w0/h10.0_nocs_cp1/accuracy.pdf us
ed on input line 341.
(pdftex.def)             Requested size: 173.44534pt x 173.44603pt.

<fig/cocktail_s16_m12/w0/h10.0_nocs_cp1/F1_score.pdf, id=304, 361.35pt x 361.35
pt>
File: fig/cocktail_s16_m12/w0/h10.0_nocs_cp1/F1_score.pdf Graphic file (type pd
f)
 <use fig/cocktail_s16_m12/w0/h10.0_nocs_cp1/F1_score.pdf>
Package pdftex.def Info: fig/cocktail_s16_m12/w0/h10.0_nocs_cp1/F1_score.pdf us
ed on input line 345.
(pdftex.def)             Requested size: 173.44534pt x 173.44603pt.

<fig/cocktail_s16_m12/w0/h10.0_nocs_cp1/lambda.pdf, id=305, 361.35pt x 361.35pt
>
File: fig/cocktail_s16_m12/w0/h10.0_nocs_cp1/lambda.pdf Graphic file (type pdf)

 <use fig/cocktail_s16_m12/w0/h10.0_nocs_cp1/lambda.pdf>
Package pdftex.def Info: fig/cocktail_s16_m12/w0/h10.0_nocs_cp1/lambda.pdf used
 on input line 350.
(pdftex.def)             Requested size: 173.44534pt x 173.44603pt.

<fig/cocktail_s16_m12/w0/h10.0_nocs_cp1/n_dot.pdf, id=306, 361.35pt x 361.35pt>
File: fig/cocktail_s16_m12/w0/h10.0_nocs_cp1/n_dot.pdf Graphic file (type pdf)
<use fig/cocktail_s16_m12/w0/h10.0_nocs_cp1/n_dot.pdf>
Package pdftex.def Info: fig/cocktail_s16_m12/w0/h10.0_nocs_cp1/n_dot.pdf used 
on input line 353.
(pdftex.def)             Requested size: 173.44534pt x 173.44603pt.

<fig/synth16/w0/noLT_s0/accuracy.pdf, id=307, 361.35pt x 361.35pt>
File: fig/synth16/w0/noLT_s0/accuracy.pdf Graphic file (type pdf)

<use fig/synth16/w0/noLT_s0/accuracy.pdf>
Package pdftex.def Info: fig/synth16/w0/noLT_s0/accuracy.pdf used on input line
 388.
(pdftex.def)             Requested size: 173.44534pt x 173.44603pt.

<fig/synth16/w0/noLT_s0/F1_score.pdf, id=308, 361.35pt x 361.35pt>
File: fig/synth16/w0/noLT_s0/F1_score.pdf Graphic file (type pdf)

<use fig/synth16/w0/noLT_s0/F1_score.pdf>
Package pdftex.def Info: fig/synth16/w0/noLT_s0/F1_score.pdf used on input line
 392.
(pdftex.def)             Requested size: 173.44534pt x 173.44603pt.

<fig/synth16/w0/noLT_s0/lambda.pdf, id=309, 361.35pt x 361.35pt>
File: fig/synth16/w0/noLT_s0/lambda.pdf Graphic file (type pdf)

<use fig/synth16/w0/noLT_s0/lambda.pdf>
Package pdftex.def Info: fig/synth16/w0/noLT_s0/lambda.pdf used on input line 3
98.
(pdftex.def)             Requested size: 173.44534pt x 173.44603pt.

<fig/synth16/w0/noLT_s0/n_dot.pdf, id=310, 361.35pt x 361.35pt>
File: fig/synth16/w0/noLT_s0/n_dot.pdf Graphic file (type pdf)

<use fig/synth16/w0/noLT_s0/n_dot.pdf>
Package pdftex.def Info: fig/synth16/w0/noLT_s0/n_dot.pdf used on input line 40
1.
(pdftex.def)             Requested size: 173.44534pt x 173.44603pt.
) [81] [82 <./fig/cocktail_s16_m12/w0/h10.0_nocs_cp1/accuracy.pdf> <./fig/cockt
ail_s16_m12/w0/h10.0_nocs_cp1/F1_score.pdf> <./fig/cocktail_s16_m12/w0/h10.0_no
cs_cp1/lambda.pdf> <./fig/cocktail_s16_m12/w0/h10.0_nocs_cp1/n_dot.pdf>] [83 <.
/fig/synth16/w0/noLT_s0/accuracy.pdf> <./fig/synth16/w0/noLT_s0/F1_score.pdf> <
./fig/synth16/w0/noLT_s0/lambda.pdf> <./fig/synth16/w0/noLT_s0/n_dot.pdf>]
Chapter 5
(./redd.tex [84

]
Overfull \hbox (9.00864pt too wide) in paragraph at lines 23--29
\OT1/cmr/m/n/12 with each pos-si-ble value of the $\OML/cmm/m/it/12 ^^R[]$\OT1/
cmr/m/n/12 . Rather than the ma-trix given by $(\OML/cmm/m/it/12 w[]\OT1/cmr/m/
n/12 )[]$,
 []

[85] [86] [87]
<data/REDD/jw2013_downsampled_intervals/house_1_1200_6800/house_1_1200-6800.pdf
, id=374, 578.16pt x 650.43pt>
File: data/REDD/jw2013_downsampled_intervals/house_1_1200_6800/house_1_1200-680
0.pdf Graphic file (type pdf)

<use data/REDD/jw2013_downsampled_intervals/house_1_1200_6800/house_1_1200-6800
.pdf>
Package pdftex.def Info: data/REDD/jw2013_downsampled_intervals/house_1_1200_68
00/house_1_1200-6800.pdf used on input line 141.
(pdftex.def)             Requested size: 433.62001pt x 487.8213pt.
) [88] [89 <./data/REDD/jw2013_downsampled_intervals/house_1_1200_6800/house_1_
1200-6800.pdf>]
Chapter 6
(./music.tex [90

] [91] [92] [93]) [94]
Chapter 7
(./discussion.tex) (./dissertation.bbl [95

]
References
[96

] [97]) [98] (./dissertation.aux)

LaTeX Warning: There were multiply-defined labels.

 ) 
Here is how much of TeX's memory you used:
 5421 strings out of 494114
 79970 string characters out of 6155601
 143553 words of memory out of 5000000
 8609 multiletter control sequences out of 15000+600000
 15803 words of font info for 58 fonts, out of 8000000 for 9000
 430 hyphenation exceptions out of 8191
 38i,14n,43p,1014b,503s stack positions out of 5000i,500n,10000p,200000b,80000s
</opt/local/share/texmf-texlive/fonts/type1/public/amsfonts/cm/cmbx12.pfb></o
pt/local/share/texmf-texlive/fonts/type1/public/amsfonts/cm/cmcsc10.pfb></opt/l
ocal/share/texmf-texlive/fonts/type1/public/amsfonts/cm/cmex10.pfb></opt/local/
share/texmf-texlive/fonts/type1/public/amsfonts/cmextra/cmex8.pfb></opt/local/s
hare/texmf-texlive/fonts/type1/public/amsfonts/cm/cmmi12.pfb></opt/local/share/
texmf-texlive/fonts/type1/public/amsfonts/cm/cmmi6.pfb></opt/local/share/texmf-
texlive/fonts/type1/public/amsfonts/cm/cmmi8.pfb></opt/local/share/texmf-texliv
e/fonts/type1/public/amsfonts/cm/cmmib10.pfb></opt/local/share/texmf-texlive/fo
nts/type1/public/amsfonts/cm/cmr10.pfb></opt/local/share/texmf-texlive/fonts/ty
pe1/public/amsfonts/cm/cmr12.pfb></opt/local/share/texmf-texlive/fonts/type1/pu
blic/amsfonts/cm/cmr6.pfb></opt/local/share/texmf-texlive/fonts/type1/public/am
sfonts/cm/cmr8.pfb></opt/local/share/texmf-texlive/fonts/type1/public/amsfonts/
cm/cmsl12.pfb></opt/local/share/texmf-texlive/fonts/type1/public/amsfonts/cm/cm
ss12.pfb></opt/local/share/texmf-texlive/fonts/type1/public/amsfonts/cm/cmss8.p
fb></opt/local/share/texmf-texlive/fonts/type1/public/amsfonts/cm/cmsy10.pfb></
opt/local/share/texmf-texlive/fonts/type1/public/amsfonts/cm/cmsy6.pfb></opt/lo
cal/share/texmf-texlive/fonts/type1/public/amsfonts/cm/cmsy8.pfb></opt/local/sh
are/texmf-texlive/fonts/type1/public/amsfonts/cm/cmti12.pfb></opt/local/share/t
exmf-texlive/fonts/type1/public/amsfonts/symbols/msbm10.pfb>
Output written on dissertation.pdf (100 pages, 683505 bytes).
PDF statistics:
 546 PDF objects out of 1000 (max. 8388607)
 337 compressed objects within 4 object streams
 0 named destinations out of 1000 (max. 500000)
 66 words of extra memory for PDF output out of 10000 (max. 10000000)

