\BOOKMARK [0][-]{Doc-Start}{\376\377\1}{}% 1
\BOOKMARK [0][-]{Doc-Start}{\376\377\1}{}% 2
\BOOKMARK [0][-]{Doc-Start}{\376\377\1}{}% 3
\BOOKMARK [0][-]{chapter.1}{1.\040\040\040INTRODUCTION\040}{}% 4
\BOOKMARK [1][-]{section.1.1}{The\040Structure\040of\040This\040Document}{chapter.1}% 5
\BOOKMARK [0][-]{chapter.2}{2.\040\040Hidden\040Markov\040Models\040and\040Nonparametric\040Bayes}{}% 6
\BOOKMARK [0][-]{chapter.3}{3.\040\040HaMMLeT:\040An\040infinite\040Hidden\040Markov\040Model\040with\040Local\040Transitions}{}% 7
\BOOKMARK [1][-]{section.3.1}{Transition\040Dynamics\040in\040the\040HDP-HMM}{chapter.3}% 8
\BOOKMARK [1][-]{section.3.2}{An\040HDP-HMM\040With\040Local\040Transitions}{chapter.3}% 9
\BOOKMARK [2][-]{subsection.3.2.1}{A\040Normalized\040Gamma\040Process\040representation\040of\040the\040HDP-HMM}{section.3.2}% 10
\BOOKMARK [2][-]{subsection.3.2.2}{Promoting\040``Local''\040Transitions}{section.3.2}% 11
\BOOKMARK [1][-]{section.3.3}{The\040HDP-HMM-LT\040as\040a\040continuous-time\040Markov\040Jump\040Process\040with\040``failed''\040jumps}{chapter.3}% 12
\BOOKMARK [2][-]{subsection.3.3.1}{An\040HDP-HSMM-LT\040modification}{section.3.3}% 13
\BOOKMARK [2][-]{subsection.3.3.2}{Summary}{section.3.3}% 14
\BOOKMARK [1][-]{section.3.4}{MCMC\040Inference\040in\040the\040``Failed\040Jumps''\040Representation}{chapter.3}% 15
\BOOKMARK [2][-]{subsection.3.4.1}{Sampling\040,\040,\040\040and\040}{section.3.4}% 16
\BOOKMARK [2][-]{subsection.3.4.2}{Sampling\040z\040and\040the\040auxiliary\040variables}{section.3.4}% 17
\BOOKMARK [2][-]{subsection.3.4.3}{Sampling\040state\040and\040emission\040parameters}{section.3.4}% 18
\BOOKMARK [1][-]{section.3.5}{Use\040Cases}{chapter.3}% 19
\BOOKMARK [0][-]{chapter.4}{4.\040\040Binary\040Vector\040States:\040Speaker\040Diarization}{}% 20
\BOOKMARK [1][-]{subsection.4.0.1}{Additional\040Inference\040Steps}{chapter.4}% 21
\BOOKMARK [2][-]{subsection.4.0.2}{``Cocktail\040Party''\040Data}{subsection.4.0.1}% 22
\BOOKMARK [2][-]{subsection.4.0.3}{Synthetic\040Data\040Without\040Local\040Transitions}{subsection.4.0.1}% 23
\BOOKMARK [0][-]{chapter.5}{5.\040\040Categorical\040Vector\040States:\040Power\040Disaggregation}{}% 24
\BOOKMARK [1][-]{section.5.1}{Generalizing\040to\040Categorical-Valued\040}{chapter.5}% 25
\BOOKMARK [0][-]{chapter.6}{6.\040\040Separate\040Similarities\040and\040Emissions:\040Learning\040Tonal\040Grammar\040in\040Music}{}% 26
\BOOKMARK [0][-]{chapter.7}{7.\040\040Conclusions\040and\040Future\040Work}{}% 27
\BOOKMARK [0][-]{chapter.7}{\376\377\1}{}% 28
